<?xml version="1.0" encoding="UTF-8"?>
<!-- Generated by org.testng.reporters.JUnitReportReporter -->
<testsuite hostname="LAPTOP-RA0EQHER" failures="0" tests="1" name="com.divproject.stepdef.TestRunnerTestNG" time="0.153" errors="0" timestamp="2024-08-24T11:12:47 IST" skipped="0">
  <testcase classname="com.divproject.stepdef.TestRunnerTestNG" name="runScenario" time="0.153"/>
  <system-out/>
</testsuite> <!-- com.divproject.stepdef.TestRunnerTestNG -->
