<?xml version="1.0" encoding="UTF-8"?>
<!-- Generated by org.testng.reporters.JUnitReportReporter -->
<testsuite hostname="LAPTOP-RA0EQHER" failures="0" tests="1" name="com.divproject.stepdef.AppTest" time="0.022" errors="0" timestamp="2024-08-24T11:12:47 IST" skipped="0">
  <testcase classname="com.divproject.stepdef.AppTest" name="shouldAnswerWithTrue" time="0.022"/>
  <system-out/>
</testsuite> <!-- com.divproject.stepdef.AppTest -->
