<?xml version="1.0" encoding="UTF-8"?>
<!-- Generated by org.testng.reporters.JUnitReportReporter -->
<testsuite hostname="LAPTOP-RA0EQHER" failures="0" tests="1" name="com.divproject.stepdef.TestRunnerTestNG" time="2.296" errors="0" timestamp="2024-08-24T13:14:54 IST" skipped="0">
  <testcase classname="com.divproject.stepdef.TestRunnerTestNG" name="runScenario" time="2.296"/>
  <system-out/>
</testsuite> <!-- com.divproject.stepdef.TestRunnerTestNG -->
